2021-12-01 15:21:42 [restartedMain] INFO  c.m.e.EmployeemanagementApplication -
				Starting EmployeemanagementApplication using Java 11.0.13 on DESKTOP-OT62K71 with PID 42628 (D:\Dhanyaworkspace\employeemanagement\target\classes started by shiju in D:\Dhanyaworkspace\employeemanagement)
2021-12-01 15:21:42 [restartedMain] DEBUG c.m.e.EmployeemanagementApplication -
				Running with Spring Boot v2.5.6, Spring v5.3.12
2021-12-01 15:21:42 [restartedMain] INFO  c.m.e.EmployeemanagementApplication -
				No active profile set, falling back to default profiles: default
2021-12-01 15:21:43 [restartedMain] INFO  c.m.e.EmployeemanagementApplication -
				Started EmployeemanagementApplication in 0.494 seconds (JVM running for 974.363)
2021-12-01 15:22:04 [restartedMain] INFO  c.m.e.EmployeemanagementApplication -
				Starting EmployeemanagementApplication using Java 11.0.13 on DESKTOP-OT62K71 with PID 41900 (D:\Dhanyaworkspace\employeemanagement\target\classes started by shiju in D:\Dhanyaworkspace\employeemanagement)
2021-12-01 15:22:04 [restartedMain] DEBUG c.m.e.EmployeemanagementApplication -
				Running with Spring Boot v2.5.6, Spring v5.3.12
2021-12-01 15:22:04 [restartedMain] INFO  c.m.e.EmployeemanagementApplication -
				No active profile set, falling back to default profiles: default
2021-12-01 15:22:08 [restartedMain] INFO  c.m.e.EmployeemanagementApplication -
				Started EmployeemanagementApplication in 3.583 seconds (JVM running for 4.368)
2021-12-01 15:28:30 [http-nio-9090-exec-1] INFO  c.m.e.controller.EmployeeController -
				addEmployee in EmployeeController invoked 
2021-12-01 15:28:30 [http-nio-9090-exec-1] INFO  c.m.e.controller.EmployeeController -
				Employee name to be inserted is hhhhhh
2021-12-01 15:28:30 [http-nio-9090-exec-1] INFO  c.m.employee.service.EmployeeService -
				addEmployee in EmployeeService invoked 
2021-12-01 15:28:30 [http-nio-9090-exec-1] INFO  c.m.employee.service.EmployeeService -
				Employee name to be inserted is hhhhhh
2021-12-01 15:28:30 [http-nio-9090-exec-1] INFO  c.m.employee.service.EmployeeService -
				Employee saved to database successfully. 
2021-12-01 15:28:30 [http-nio-9090-exec-1] INFO  c.m.e.controller.EmployeeController -
				Employee saved successfully. 
2021-12-01 15:45:02 [restartedMain] INFO  c.m.e.EmployeemanagementApplication -
				Starting EmployeemanagementApplication using Java 11.0.13 on DESKTOP-OT62K71 with PID 41900 (D:\Dhanyaworkspace\employeemanagement\target\classes started by shiju in D:\Dhanyaworkspace\employeemanagement)
2021-12-01 15:45:02 [restartedMain] INFO  c.m.e.EmployeemanagementApplication -
				No active profile set, falling back to default profiles: default
2021-12-01 15:45:02 [restartedMain] INFO  c.m.e.EmployeemanagementApplication -
				Started EmployeemanagementApplication in 0.567 seconds (JVM running for 1378.84)
